<?xml version="1.0" encoding="UTF-8"?>
<!-- Generated by org.testng.reporters.JUnitXMLReporter -->
<testsuite ignored="0" hostname="LAPTOP-0NT22F0F" failures="0" tests="4" name="Chrome-grid" time="19.64" errors="0" timestamp="2023-02-25T17:06:30 GMT">
  <testcase classname="com.qa.testcases.BingURLTest" name="TitleTest" time="4.222"/>
  <testcase classname="com.qa.testcases.GoogleURLTest" name="TitleTest" time="5.718"/>
  <testcase classname="com.qa.testcases.FBURLTest" name="TitleTest" time="6.399"/>
  <testcase classname="com.qa.testcases.AmazonURLTest" name="TitleTest" time="9.887"/>
</testsuite> <!-- Chrome-grid -->
