<?xml version="1.0" encoding="UTF-8"?>
<!-- Generated by org.testng.reporters.JUnitXMLReporter -->
<testsuite ignored="0" hostname="LAPTOP-0NT22F0F" failures="0" tests="4" name="Firefox-grid" time="23.459" errors="0" timestamp="2023-02-25T17:06:34 GMT">
  <testcase classname="com.qa.testcases.BingURLTest" name="TitleTest" time="0.832"/>
  <testcase classname="com.qa.testcases.FBURLTest" name="TitleTest" time="2.523"/>
  <testcase classname="com.qa.testcases.GoogleURLTest" name="TitleTest" time="2.658"/>
  <testcase classname="com.qa.testcases.AmazonURLTest" name="TitleTest" time="2.635"/>
</testsuite> <!-- Firefox-grid -->
