<?xml version="1.0" encoding="UTF-8"?>
<testng-results ignored="0" total="12" passed="11" failed="1" skipped="0">
  <reporter-output>
  </reporter-output>
  <suite started-at="2023-02-25T17:06:10 GMT" name="DockerSuite" finished-at="2023-02-25T17:06:34 GMT" duration-ms="23459">
    <groups>
    </groups>
    <test started-at="2023-02-25T17:06:10 GMT" name="Edge-grid" finished-at="2023-02-25T17:06:27 GMT" duration-ms="17107">
      <class name="com.qa.testcases.AmazonURLTest">
        <test-method is-config="true" signature="setUp(java.lang.String)[pri:0, instance:com.qa.testcases.AmazonURLTest@25ce9dc4]" started-at="2023-02-25T17:06:10 GMT" name="setUp" finished-at="2023-02-25T17:06:20 GMT" duration-ms="10044" status="PASS">
          <params>
            <param index="0">
              <value>
                <![CDATA[edge]]>
              </value>
            </param>
          </params>
          <reporter-output>
          </reporter-output>
        </test-method> <!-- setUp -->
        <test-method signature="TitleTest()[pri:0, instance:com.qa.testcases.AmazonURLTest@25ce9dc4]" started-at="2023-02-25T17:06:20 GMT" name="TitleTest" finished-at="2023-02-25T17:06:26 GMT" duration-ms="5821" status="FAIL">
          <exception class="org.openqa.selenium.WebDriverException">
            <message>
              <![CDATA[unknown error: session deleted because of page crash
from unknown error: cannot determine loading status
from tab crashed
  (Session info: MicrosoftEdge=107.0.1418.35)
Build info: version: '4.6.0', revision: '79f1c02ae20'
System info: os.name: 'Windows 10', os.arch: 'amd64', os.version: '10.0', java.version: '17.0.3'
Driver info: org.openqa.selenium.remote.RemoteWebDriver
Command: [6118f90a2abae509136d7289af7686ae, get {url=https://www.amazon.co.uk/}]
Capabilities {acceptInsecureCerts: false, browserName: msedge, browserVersion: 107.0.1418.35, ms:edgeOptions: {debuggerAddress: localhost:39177}, msedge: {msedgedriverVersion: 107.0.1418.35 (806ca5c53c4f..., userDataDir: /tmp/.com.microsoft.Edge.Aq...}, networkConnectionEnabled: false, pageLoadStrategy: normal, platformName: LINUX, proxy: Proxy(), se:bidiEnabled: false, se:cdp: ws://172.20.0.5:4444/sessio..., se:cdpVersion: 107.0.1418.35, se:vnc: ws://172.20.0.5:4444/sessio..., se:vncEnabled: true, se:vncLocalAddress: ws://172.20.0.5:7900, setWindowRect: true, strictFileInteractability: false, timeouts: {implicit: 0, pageLoad: 300000, script: 30000}, unhandledPromptBehavior: dismiss and notify, webauthn:extension:credBlob: true, webauthn:extension:largeBlob: true, webauthn:virtualAuthenticators: true}
Session ID: 6118f90a2abae509136d7289af7686ae]]>
            </message>
            <full-stacktrace>
              <![CDATA[org.openqa.selenium.WebDriverException: unknown error: session deleted because of page crash
from unknown error: cannot determine loading status
from tab crashed
  (Session info: MicrosoftEdge=107.0.1418.35)
Build info: version: '4.6.0', revision: '79f1c02ae20'
System info: os.name: 'Windows 10', os.arch: 'amd64', os.version: '10.0', java.version: '17.0.3'
Driver info: org.openqa.selenium.remote.RemoteWebDriver
Command: [6118f90a2abae509136d7289af7686ae, get {url=https://www.amazon.co.uk/}]
Capabilities {acceptInsecureCerts: false, browserName: msedge, browserVersion: 107.0.1418.35, ms:edgeOptions: {debuggerAddress: localhost:39177}, msedge: {msedgedriverVersion: 107.0.1418.35 (806ca5c53c4f..., userDataDir: /tmp/.com.microsoft.Edge.Aq...}, networkConnectionEnabled: false, pageLoadStrategy: normal, platformName: LINUX, proxy: Proxy(), se:bidiEnabled: false, se:cdp: ws://172.20.0.5:4444/sessio..., se:cdpVersion: 107.0.1418.35, se:vnc: ws://172.20.0.5:4444/sessio..., se:vncEnabled: true, se:vncLocalAddress: ws://172.20.0.5:7900, setWindowRect: true, strictFileInteractability: false, timeouts: {implicit: 0, pageLoad: 300000, script: 30000}, unhandledPromptBehavior: dismiss and notify, webauthn:extension:credBlob: true, webauthn:extension:largeBlob: true, webauthn:virtualAuthenticators: true}
Session ID: 6118f90a2abae509136d7289af7686ae
at java.base/jdk.internal.reflect.NativeConstructorAccessorImpl.newInstance0(Native Method)
at java.base/jdk.internal.reflect.NativeConstructorAccessorImpl.newInstance(NativeConstructorAccessorImpl.java:77)
at java.base/jdk.internal.reflect.DelegatingConstructorAccessorImpl.newInstance(DelegatingConstructorAccessorImpl.java:45)
at java.base/java.lang.reflect.Constructor.newInstanceWithCaller(Constructor.java:499)
at java.base/java.lang.reflect.Constructor.newInstance(Constructor.java:480)
at org.openqa.selenium.remote.codec.w3c.W3CHttpResponseCodec.createException(W3CHttpResponseCodec.java:200)
at org.openqa.selenium.remote.codec.w3c.W3CHttpResponseCodec.decode(W3CHttpResponseCodec.java:133)
at org.openqa.selenium.remote.codec.w3c.W3CHttpResponseCodec.decode(W3CHttpResponseCodec.java:53)
at org.openqa.selenium.remote.HttpCommandExecutor.execute(HttpCommandExecutor.java:184)
at org.openqa.selenium.remote.TracedCommandExecutor.execute(TracedCommandExecutor.java:51)
at org.openqa.selenium.remote.RemoteWebDriver.execute(RemoteWebDriver.java:541)
at org.openqa.selenium.remote.RemoteWebDriver.get(RemoteWebDriver.java:310)
at com.qa.testcases.AmazonURLTest.TitleTest(AmazonURLTest.java:34)
at java.base/jdk.internal.reflect.NativeMethodAccessorImpl.invoke0(Native Method)
at java.base/jdk.internal.reflect.NativeMethodAccessorImpl.invoke(NativeMethodAccessorImpl.java:77)
at java.base/jdk.internal.reflect.DelegatingMethodAccessorImpl.invoke(DelegatingMethodAccessorImpl.java:43)
at java.base/java.lang.reflect.Method.invoke(Method.java:568)
at org.testng.internal.invokers.MethodInvocationHelper.invokeMethod(MethodInvocationHelper.java:139)
at org.testng.internal.invokers.TestInvoker.invokeMethod(TestInvoker.java:677)
at org.testng.internal.invokers.TestInvoker.invokeTestMethod(TestInvoker.java:221)
at org.testng.internal.invokers.MethodRunner.runInSequence(MethodRunner.java:50)
at org.testng.internal.invokers.TestInvoker$MethodInvocationAgent.invoke(TestInvoker.java:962)
at org.testng.internal.invokers.TestInvoker.invokeTestMethods(TestInvoker.java:194)
at org.testng.internal.invokers.TestMethodWorker.invokeTestMethods(TestMethodWorker.java:148)
at org.testng.internal.invokers.TestMethodWorker.run(TestMethodWorker.java:128)
at java.base/java.util.concurrent.ThreadPoolExecutor.runWorker(ThreadPoolExecutor.java:1136)
at java.base/java.util.concurrent.ThreadPoolExecutor$Worker.run(ThreadPoolExecutor.java:635)
at java.base/java.lang.Thread.run(Thread.java:833)
]]>
            </full-stacktrace>
          </exception> <!-- org.openqa.selenium.WebDriverException -->
          <reporter-output>
          </reporter-output>
        </test-method> <!-- TitleTest -->
        <test-method is-config="true" signature="tearDown()[pri:0, instance:com.qa.testcases.AmazonURLTest@25ce9dc4]" started-at="2023-02-25T17:06:26 GMT" name="tearDown" finished-at="2023-02-25T17:06:26 GMT" duration-ms="123" status="PASS">
          <reporter-output>
          </reporter-output>
        </test-method> <!-- tearDown -->
      </class> <!-- com.qa.testcases.AmazonURLTest -->
      <class name="com.qa.testcases.BingURLTest">
        <test-method is-config="true" signature="setUp(java.lang.String)[pri:0, instance:com.qa.testcases.BingURLTest@74ea2410]" started-at="2023-02-25T17:06:10 GMT" name="setUp" finished-at="2023-02-25T17:06:20 GMT" duration-ms="9916" status="PASS">
          <params>
            <param index="0">
              <value>
                <![CDATA[edge]]>
              </value>
            </param>
          </params>
          <reporter-output>
          </reporter-output>
        </test-method> <!-- setUp -->
        <test-method signature="TitleTest()[pri:0, instance:com.qa.testcases.BingURLTest@74ea2410]" started-at="2023-02-25T17:06:20 GMT" name="TitleTest" finished-at="2023-02-25T17:06:23 GMT" duration-ms="3201" status="PASS">
          <reporter-output>
          </reporter-output>
        </test-method> <!-- TitleTest -->
        <test-method is-config="true" signature="tearDown()[pri:0, instance:com.qa.testcases.BingURLTest@74ea2410]" started-at="2023-02-25T17:06:23 GMT" name="tearDown" finished-at="2023-02-25T17:06:24 GMT" duration-ms="410" status="PASS">
          <reporter-output>
          </reporter-output>
        </test-method> <!-- tearDown -->
      </class> <!-- com.qa.testcases.BingURLTest -->
      <class name="com.qa.testcases.GoogleURLTest">
        <test-method is-config="true" signature="setUp(java.lang.String)[pri:0, instance:com.qa.testcases.GoogleURLTest@76b1e9b8]" started-at="2023-02-25T17:06:10 GMT" name="setUp" finished-at="2023-02-25T17:06:20 GMT" duration-ms="9994" status="PASS">
          <params>
            <param index="0">
              <value>
                <![CDATA[edge]]>
              </value>
            </param>
          </params>
          <reporter-output>
          </reporter-output>
        </test-method> <!-- setUp -->
        <test-method signature="TitleTest()[pri:0, instance:com.qa.testcases.GoogleURLTest@76b1e9b8]" started-at="2023-02-25T17:06:20 GMT" name="TitleTest" finished-at="2023-02-25T17:06:25 GMT" duration-ms="4961" status="PASS">
          <reporter-output>
          </reporter-output>
        </test-method> <!-- TitleTest -->
        <test-method is-config="true" signature="tearDown()[pri:0, instance:com.qa.testcases.GoogleURLTest@76b1e9b8]" started-at="2023-02-25T17:06:25 GMT" name="tearDown" finished-at="2023-02-25T17:06:26 GMT" duration-ms="746" status="PASS">
          <reporter-output>
          </reporter-output>
        </test-method> <!-- tearDown -->
      </class> <!-- com.qa.testcases.GoogleURLTest -->
      <class name="com.qa.testcases.FBURLTest">
        <test-method is-config="true" signature="setUp(java.lang.String)[pri:0, instance:com.qa.testcases.FBURLTest@17f62e33]" started-at="2023-02-25T17:06:10 GMT" name="setUp" finished-at="2023-02-25T17:06:20 GMT" duration-ms="9914" status="PASS">
          <params>
            <param index="0">
              <value>
                <![CDATA[edge]]>
              </value>
            </param>
          </params>
          <reporter-output>
          </reporter-output>
        </test-method> <!-- setUp -->
        <test-method signature="TitleTest()[pri:0, instance:com.qa.testcases.FBURLTest@17f62e33]" started-at="2023-02-25T17:06:20 GMT" name="TitleTest" finished-at="2023-02-25T17:06:27 GMT" duration-ms="6876" status="PASS">
          <reporter-output>
          </reporter-output>
        </test-method> <!-- TitleTest -->
        <test-method is-config="true" signature="tearDown()[pri:0, instance:com.qa.testcases.FBURLTest@17f62e33]" started-at="2023-02-25T17:06:27 GMT" name="tearDown" finished-at="2023-02-25T17:06:27 GMT" duration-ms="259" status="PASS">
          <reporter-output>
          </reporter-output>
        </test-method> <!-- tearDown -->
      </class> <!-- com.qa.testcases.FBURLTest -->
    </test> <!-- Edge-grid -->
    <test started-at="2023-02-25T17:06:10 GMT" name="Chrome-grid" finished-at="2023-02-25T17:06:30 GMT" duration-ms="19640">
      <class name="com.qa.testcases.AmazonURLTest">
        <test-method is-config="true" signature="setUp(java.lang.String)[pri:0, instance:com.qa.testcases.AmazonURLTest@47e2e487]" started-at="2023-02-25T17:06:10 GMT" name="setUp" finished-at="2023-02-25T17:06:20 GMT" duration-ms="9499" status="PASS">
          <params>
            <param index="0">
              <value>
                <![CDATA[chrome]]>
              </value>
            </param>
          </params>
          <reporter-output>
          </reporter-output>
        </test-method> <!-- setUp -->
        <test-method signature="TitleTest()[pri:0, instance:com.qa.testcases.AmazonURLTest@47e2e487]" started-at="2023-02-25T17:06:20 GMT" name="TitleTest" finished-at="2023-02-25T17:06:30 GMT" duration-ms="9887" status="PASS">
          <reporter-output>
          </reporter-output>
        </test-method> <!-- TitleTest -->
        <test-method is-config="true" signature="tearDown()[pri:0, instance:com.qa.testcases.AmazonURLTest@47e2e487]" started-at="2023-02-25T17:06:30 GMT" name="tearDown" finished-at="2023-02-25T17:06:30 GMT" duration-ms="194" status="PASS">
          <reporter-output>
          </reporter-output>
        </test-method> <!-- tearDown -->
      </class> <!-- com.qa.testcases.AmazonURLTest -->
      <class name="com.qa.testcases.BingURLTest">
        <test-method is-config="true" signature="setUp(java.lang.String)[pri:0, instance:com.qa.testcases.BingURLTest@18df8434]" started-at="2023-02-25T17:06:10 GMT" name="setUp" finished-at="2023-02-25T17:06:20 GMT" duration-ms="9499" status="PASS">
          <params>
            <param index="0">
              <value>
                <![CDATA[chrome]]>
              </value>
            </param>
          </params>
          <reporter-output>
          </reporter-output>
        </test-method> <!-- setUp -->
        <test-method signature="TitleTest()[pri:0, instance:com.qa.testcases.BingURLTest@18df8434]" started-at="2023-02-25T17:06:20 GMT" name="TitleTest" finished-at="2023-02-25T17:06:24 GMT" duration-ms="4222" status="PASS">
          <reporter-output>
          </reporter-output>
        </test-method> <!-- TitleTest -->
        <test-method is-config="true" signature="tearDown()[pri:0, instance:com.qa.testcases.BingURLTest@18df8434]" started-at="2023-02-25T17:06:24 GMT" name="tearDown" finished-at="2023-02-25T17:06:25 GMT" duration-ms="796" status="PASS">
          <reporter-output>
          </reporter-output>
        </test-method> <!-- tearDown -->
      </class> <!-- com.qa.testcases.BingURLTest -->
      <class name="com.qa.testcases.FBURLTest">
        <test-method is-config="true" signature="setUp(java.lang.String)[pri:0, instance:com.qa.testcases.FBURLTest@65c7a252]" started-at="2023-02-25T17:06:10 GMT" name="setUp" finished-at="2023-02-25T17:06:20 GMT" duration-ms="9500" status="PASS">
          <params>
            <param index="0">
              <value>
                <![CDATA[chrome]]>
              </value>
            </param>
          </params>
          <reporter-output>
          </reporter-output>
        </test-method> <!-- setUp -->
        <test-method signature="TitleTest()[pri:0, instance:com.qa.testcases.FBURLTest@65c7a252]" started-at="2023-02-25T17:06:20 GMT" name="TitleTest" finished-at="2023-02-25T17:06:26 GMT" duration-ms="6399" status="PASS">
          <reporter-output>
          </reporter-output>
        </test-method> <!-- TitleTest -->
        <test-method is-config="true" signature="tearDown()[pri:0, instance:com.qa.testcases.FBURLTest@65c7a252]" started-at="2023-02-25T17:06:26 GMT" name="tearDown" finished-at="2023-02-25T17:06:26 GMT" duration-ms="260" status="PASS">
          <reporter-output>
          </reporter-output>
        </test-method> <!-- tearDown -->
      </class> <!-- com.qa.testcases.FBURLTest -->
      <class name="com.qa.testcases.GoogleURLTest">
        <test-method is-config="true" signature="setUp(java.lang.String)[pri:0, instance:com.qa.testcases.GoogleURLTest@4d154ccd]" started-at="2023-02-25T17:06:10 GMT" name="setUp" finished-at="2023-02-25T17:06:20 GMT" duration-ms="9500" status="PASS">
          <params>
            <param index="0">
              <value>
                <![CDATA[chrome]]>
              </value>
            </param>
          </params>
          <reporter-output>
          </reporter-output>
        </test-method> <!-- setUp -->
        <test-method signature="TitleTest()[pri:0, instance:com.qa.testcases.GoogleURLTest@4d154ccd]" started-at="2023-02-25T17:06:20 GMT" name="TitleTest" finished-at="2023-02-25T17:06:25 GMT" duration-ms="5718" status="PASS">
          <reporter-output>
          </reporter-output>
        </test-method> <!-- TitleTest -->
        <test-method is-config="true" signature="tearDown()[pri:0, instance:com.qa.testcases.GoogleURLTest@4d154ccd]" started-at="2023-02-25T17:06:25 GMT" name="tearDown" finished-at="2023-02-25T17:06:26 GMT" duration-ms="573" status="PASS">
          <reporter-output>
          </reporter-output>
        </test-method> <!-- tearDown -->
      </class> <!-- com.qa.testcases.GoogleURLTest -->
    </test> <!-- Chrome-grid -->
    <test started-at="2023-02-25T17:06:10 GMT" name="Firefox-grid" finished-at="2023-02-25T17:06:34 GMT" duration-ms="23459">
      <class name="com.qa.testcases.AmazonURLTest">
        <test-method is-config="true" signature="setUp(java.lang.String)[pri:0, instance:com.qa.testcases.AmazonURLTest@3e8c3cb]" started-at="2023-02-25T17:06:10 GMT" name="setUp" finished-at="2023-02-25T17:06:29 GMT" duration-ms="18787" status="PASS">
          <params>
            <param index="0">
              <value>
                <![CDATA[firefox]]>
              </value>
            </param>
          </params>
          <reporter-output>
          </reporter-output>
        </test-method> <!-- setUp -->
        <test-method signature="TitleTest()[pri:0, instance:com.qa.testcases.AmazonURLTest@3e8c3cb]" started-at="2023-02-25T17:06:29 GMT" name="TitleTest" finished-at="2023-02-25T17:06:32 GMT" duration-ms="2635" status="PASS">
          <reporter-output>
          </reporter-output>
        </test-method> <!-- TitleTest -->
        <test-method is-config="true" signature="tearDown()[pri:0, instance:com.qa.testcases.AmazonURLTest@3e8c3cb]" started-at="2023-02-25T17:06:32 GMT" name="tearDown" finished-at="2023-02-25T17:06:34 GMT" duration-ms="1977" status="PASS">
          <reporter-output>
          </reporter-output>
        </test-method> <!-- tearDown -->
      </class> <!-- com.qa.testcases.AmazonURLTest -->
      <class name="com.qa.testcases.BingURLTest">
        <test-method is-config="true" signature="setUp(java.lang.String)[pri:0, instance:com.qa.testcases.BingURLTest@793f29ff]" started-at="2023-02-25T17:06:10 GMT" name="setUp" finished-at="2023-02-25T17:06:29 GMT" duration-ms="19162" status="PASS">
          <params>
            <param index="0">
              <value>
                <![CDATA[firefox]]>
              </value>
            </param>
          </params>
          <reporter-output>
          </reporter-output>
        </test-method> <!-- setUp -->
        <test-method signature="TitleTest()[pri:0, instance:com.qa.testcases.BingURLTest@793f29ff]" started-at="2023-02-25T17:06:29 GMT" name="TitleTest" finished-at="2023-02-25T17:06:30 GMT" duration-ms="832" status="PASS">
          <reporter-output>
          </reporter-output>
        </test-method> <!-- TitleTest -->
        <test-method is-config="true" signature="tearDown()[pri:0, instance:com.qa.testcases.BingURLTest@793f29ff]" started-at="2023-02-25T17:06:30 GMT" name="tearDown" finished-at="2023-02-25T17:06:32 GMT" duration-ms="2230" status="PASS">
          <reporter-output>
          </reporter-output>
        </test-method> <!-- tearDown -->
      </class> <!-- com.qa.testcases.BingURLTest -->
      <class name="com.qa.testcases.FBURLTest">
        <test-method is-config="true" signature="setUp(java.lang.String)[pri:0, instance:com.qa.testcases.FBURLTest@563f38c4]" started-at="2023-02-25T17:06:10 GMT" name="setUp" finished-at="2023-02-25T17:06:29 GMT" duration-ms="18777" status="PASS">
          <params>
            <param index="0">
              <value>
                <![CDATA[firefox]]>
              </value>
            </param>
          </params>
          <reporter-output>
          </reporter-output>
        </test-method> <!-- setUp -->
        <test-method signature="TitleTest()[pri:0, instance:com.qa.testcases.FBURLTest@563f38c4]" started-at="2023-02-25T17:06:29 GMT" name="TitleTest" finished-at="2023-02-25T17:06:32 GMT" duration-ms="2523" status="PASS">
          <reporter-output>
          </reporter-output>
        </test-method> <!-- TitleTest -->
        <test-method is-config="true" signature="tearDown()[pri:0, instance:com.qa.testcases.FBURLTest@563f38c4]" started-at="2023-02-25T17:06:32 GMT" name="tearDown" finished-at="2023-02-25T17:06:33 GMT" duration-ms="1807" status="PASS">
          <reporter-output>
          </reporter-output>
        </test-method> <!-- tearDown -->
      </class> <!-- com.qa.testcases.FBURLTest -->
      <class name="com.qa.testcases.GoogleURLTest">
        <test-method is-config="true" signature="setUp(java.lang.String)[pri:0, instance:com.qa.testcases.GoogleURLTest@543295b0]" started-at="2023-02-25T17:06:10 GMT" name="setUp" finished-at="2023-02-25T17:06:29 GMT" duration-ms="18733" status="PASS">
          <params>
            <param index="0">
              <value>
                <![CDATA[firefox]]>
              </value>
            </param>
          </params>
          <reporter-output>
          </reporter-output>
        </test-method> <!-- setUp -->
        <test-method signature="TitleTest()[pri:0, instance:com.qa.testcases.GoogleURLTest@543295b0]" started-at="2023-02-25T17:06:29 GMT" name="TitleTest" finished-at="2023-02-25T17:06:32 GMT" duration-ms="2658" status="PASS">
          <reporter-output>
          </reporter-output>
        </test-method> <!-- TitleTest -->
        <test-method is-config="true" signature="tearDown()[pri:0, instance:com.qa.testcases.GoogleURLTest@543295b0]" started-at="2023-02-25T17:06:32 GMT" name="tearDown" finished-at="2023-02-25T17:06:33 GMT" duration-ms="1670" status="PASS">
          <reporter-output>
          </reporter-output>
        </test-method> <!-- tearDown -->
      </class> <!-- com.qa.testcases.GoogleURLTest -->
    </test> <!-- Firefox-grid -->
  </suite> <!-- DockerSuite -->
</testng-results>
